2024-06-25 15:06:506 INFO  LoginPage :41 - Enter User Name: Admin
2024-06-25 15:06:868 INFO  LoginPage :51 - Enter Password: admin123
2024-06-25 15:06:952 INFO  LoginPage :46 - Clicking on Login Button: [[ChromeDriver: chrome on windows (e3d447455630c8217aff926477c75d7f)] -> xpath: //button[@type='submit']]
2024-06-25 15:06:83 INFO  DashboardPage :36 - Verifying Dashboard Page: [[ChromeDriver: chrome on windows (e3d447455630c8217aff926477c75d7f)] -> xpath: //div[@class='oxd-topbar-header']/div[1]/span[1]/h6[1]]
2024-06-25 15:06:326 INFO  LoginPage :41 - Enter User Name: Admin
2024-06-25 15:06:636 INFO  LoginPage :51 - Enter Password: admin123
2024-06-25 15:06:715 INFO  LoginPage :46 - Clicking on Login Button: [[ChromeDriver: chrome on windows (5f92d792f55c13ce57a2110b0c007203)] -> xpath: //button[@type='submit']]
2024-06-25 15:06:755 INFO  DashboardPage :41 - Verifying Orange HRM Logo: [[ChromeDriver: chrome on windows (5f92d792f55c13ce57a2110b0c007203)] -> xpath: //img[@alt='client brand banner']]
2024-06-25 15:06:772 INFO  LoginPage :41 - Enter User Name: Admin
2024-06-25 15:06:48 INFO  LoginPage :51 - Enter Password: admin123
2024-06-25 15:06:142 INFO  LoginPage :46 - Clicking on Login Button: [[ChromeDriver: chrome on windows (eeacab4c70a94cc6c87415d130c3a3ca)] -> xpath: //button[@type='submit']]
2024-06-25 15:06:159 INFO  DashboardPage :27 - Clicking on user profile logo : [[ChromeDriver: chrome on windows (eeacab4c70a94cc6c87415d130c3a3ca)] -> xpath: //img[@class='oxd-userdropdown-img']]
2024-06-25 15:06:937 INFO  DashboardPage :32 - Clicking on logout link : [[ChromeDriver: chrome on windows (eeacab4c70a94cc6c87415d130c3a3ca)] -> xpath: //a[normalize-space()='Logout']]
2024-06-25 15:06:166 INFO  LoginPage :41 - Enter User Name: 
2024-06-25 15:06:439 INFO  LoginPage :51 - Enter Password: 
2024-06-25 15:06:498 INFO  LoginPage :46 - Clicking on Login Button: [[ChromeDriver: chrome on windows (a02af4328a01d5c14bb27b046fbd7530)] -> xpath: //button[@type='submit']]
2024-06-25 15:06:554 INFO  LoginPage :57 - Getting username field blank error message : [[ChromeDriver: chrome on windows (a02af4328a01d5c14bb27b046fbd7530)] -> xpath: //div[@class='orangehrm-login-slot-wrapper']//div[1]//div[1]//span[1]]
2024-06-25 15:06:688 INFO  LoginPage :41 - Enter User Name: test123@gmail.com
2024-06-25 15:06:992 INFO  LoginPage :51 - Enter Password: 
2024-06-25 15:06:75 INFO  LoginPage :46 - Clicking on Login Button: [[ChromeDriver: chrome on windows (4494ecfc7ae4a6c76019779e6e4bf44b)] -> xpath: //button[@type='submit']]
2024-06-25 15:06:138 INFO  LoginPage :62 - Getting password field blank error message : [[ChromeDriver: chrome on windows (4494ecfc7ae4a6c76019779e6e4bf44b)] -> xpath: //span[@class='oxd-text oxd-text--span oxd-input-field-error-message oxd-input-group__message']]
2024-06-25 15:06:302 INFO  LoginPage :41 - Enter User Name: 
2024-06-25 15:06:559 INFO  LoginPage :51 - Enter Password: test123
2024-06-25 15:06:633 INFO  LoginPage :46 - Clicking on Login Button: [[ChromeDriver: chrome on windows (ab1f04a867b46177fe486ed16a3730c0)] -> xpath: //button[@type='submit']]
2024-06-25 15:06:684 INFO  LoginPage :57 - Getting username field blank error message : [[ChromeDriver: chrome on windows (ab1f04a867b46177fe486ed16a3730c0)] -> xpath: //div[@class='orangehrm-login-slot-wrapper']//div[1]//div[1]//span[1]]
2024-06-25 15:06:762 INFO  LoginPage :41 - Enter User Name: test123@gmail.com
2024-06-25 15:06:127 INFO  LoginPage :51 - Enter Password: test123
2024-06-25 15:06:232 INFO  LoginPage :46 - Clicking on Login Button: [[ChromeDriver: chrome on windows (324760be92ac842a0f33614c68b1d469)] -> xpath: //button[@type='submit']]
2024-06-25 15:06:875 INFO  LoginPage :67 - Getting invalid credential error message : [[ChromeDriver: chrome on windows (324760be92ac842a0f33614c68b1d469)] -> xpath: //p[@class='oxd-text oxd-text--p oxd-alert-content-text']]
2024-06-25 15:06:879 INFO  LoginPage :41 - Enter User Name: Admin
2024-06-25 15:06:178 INFO  LoginPage :51 - Enter Password: admin123
2024-06-25 15:06:264 INFO  LoginPage :46 - Clicking on Login Button: [[ChromeDriver: chrome on windows (fe46be2ba84a550ce50746ae1a80195d)] -> xpath: //button[@type='submit']]
2024-06-25 15:06:58 INFO  HomePage :37 - Clicking on Admin link : [[ChromeDriver: chrome on windows (fe46be2ba84a550ce50746ae1a80195d)] -> xpath: //li[1]//a[1]//span[1]]
2024-06-25 15:06:248 INFO  ViewSystemUsersPage :112 - Verifying System User Text: [[ChromeDriver: chrome on windows (fe46be2ba84a550ce50746ae1a80195d)] -> xpath: //h5[@class='oxd-text oxd-text--h5 oxd-table-filter-title']]
2024-06-25 15:06:282 INFO  ViewSystemUsersPage :117 - Clicking on Add button: [[ChromeDriver: chrome on windows (fe46be2ba84a550ce50746ae1a80195d)] -> xpath: //button[@class='oxd-button oxd-button--medium oxd-button--secondary']]
2024-06-25 15:06:794 INFO  ViewSystemUsersPage :122 - Verifying User added text: Add User
2024-06-25 15:06:817 INFO  AddUserPage :23 - Clicking on UserRole drop-down : [[ChromeDriver: chrome on windows (fe46be2ba84a550ce50746ae1a80195d)] -> xpath: (//div[@class = 'oxd-select-wrapper'])[1]]
2024-06-25 15:06:972 INFO  AddUserPage :28 - Clicking on Admin option in UserRole drop-down : [[ChromeDriver: chrome on windows (fe46be2ba84a550ce50746ae1a80195d)] -> xpath: //span[contains(text(),'Admin')]]
2024-06-25 15:06:44 INFO  ViewSystemUsersPage :128 - Entering Employee name: Proxy element for: DefaultElementLocator 'By.xpath: //*[@class='oxd-autocomplete-wrapper']//*[contains(text(),'Ranga  Akunuri')]'
2024-06-25 15:06:230 INFO  ViewSystemUsersPage :135 - Entering User: [[ChromeDriver: chrome on windows (fe46be2ba84a550ce50746ae1a80195d)] -> xpath: //div[@class='oxd-form-row']/div[1]/div[4]/div[1]/div[2]/input[1]]
2024-06-25 15:06:332 INFO  ViewSystemUsersPage :140 - Selecting Status Disable: Proxy element for: DefaultElementLocator 'By.xpath: //*[@class='oxd-select-wrapper']//*[contains(text(),'Disabled')]'
2024-06-25 15:06:436 INFO  ViewSystemUsersPage :149 - Entering Password: [[ChromeDriver: chrome on windows (fe46be2ba84a550ce50746ae1a80195d)] -> xpath: //div[@class='orangehrm-card-container']/form[1]/div[2]/div[1]/div[1]/div[1]/div[2]/input[1]]
2024-06-25 15:06:522 INFO  ViewSystemUsersPage :154 - Entering Confirm Password: [[ChromeDriver: chrome on windows (fe46be2ba84a550ce50746ae1a80195d)] -> xpath: //div[@class='orangehrm-card-container']/form[1]/div[2]/div[1]/div[2]/div[1]/div[2]/input[1]]
2024-06-25 15:06:573 INFO  ViewSystemUsersPage :159 - Clicking on Save: [[ChromeDriver: chrome on windows (fe46be2ba84a550ce50746ae1a80195d)] -> xpath: //button[@class='oxd-button oxd-button--medium oxd-button--secondary orangehrm-left-space']]
2024-06-25 15:06:83 INFO  ViewSystemUsersPage :164 - Getting User Added Successfully message : [[ChromeDriver: chrome on windows (fe46be2ba84a550ce50746ae1a80195d)] -> xpath: //p[@class='oxd-text oxd-text--p oxd-text--toast-message oxd-toast-content-text']]
2024-06-25 15:06:865 INFO  LoginPage :41 - Enter User Name: Admin
2024-06-25 15:06:153 INFO  LoginPage :51 - Enter Password: admin123
2024-06-25 15:06:226 INFO  LoginPage :46 - Clicking on Login Button: [[ChromeDriver: chrome on windows (c677c9a2cfa1d108cc85497b07dc1e3f)] -> xpath: //button[@type='submit']]
2024-06-25 15:06:141 INFO  HomePage :37 - Clicking on Admin link : [[ChromeDriver: chrome on windows (c677c9a2cfa1d108cc85497b07dc1e3f)] -> xpath: //li[1]//a[1]//span[1]]
2024-06-25 15:06:341 INFO  ViewSystemUsersPage :112 - Verifying System User Text: [[ChromeDriver: chrome on windows (c677c9a2cfa1d108cc85497b07dc1e3f)] -> xpath: //h5[@class='oxd-text oxd-text--h5 oxd-table-filter-title']]
2024-06-25 15:06:427 INFO  ViewSystemUsersPage :171 - Enter soniya92 to User Name field : [[ChromeDriver: chrome on windows (c677c9a2cfa1d108cc85497b07dc1e3f)] -> xpath: //div[@class='oxd-input-group oxd-input-field-bottom-space']//div//input[@class='oxd-input oxd-input--active']]
2024-06-25 15:06:439 INFO  ViewSystemUsersPage :175 - Clicking on UserRole drop-down : [[ChromeDriver: chrome on windows (c677c9a2cfa1d108cc85497b07dc1e3f)] -> xpath: //div[@class='oxd-table-filter-area']//div[2]//div[1]//div[2]//div[1]//div[1]//div[1]]
2024-06-25 15:06:473 INFO  ViewSystemUsersPage :180 - Clicking on Admin option in UserRole drop-down : [[ChromeDriver: chrome on windows (c677c9a2cfa1d108cc85497b07dc1e3f)] -> xpath: //span[contains(text(),'Admin')]]
2024-06-25 15:06:644 INFO  ViewSystemUsersPage :191 - Clicking on Status drop-down : [[ChromeDriver: chrome on windows (c677c9a2cfa1d108cc85497b07dc1e3f)] -> xpath: (//i)[13]]
2024-06-25 15:06:778 INFO  ViewSystemUsersPage :196 - Clicking on Disable option in Status drop-down : [[ChromeDriver: chrome on windows (c677c9a2cfa1d108cc85497b07dc1e3f)] -> xpath: //span[normalize-space()='Disabled']]
2024-06-25 15:06:817 INFO  ViewSystemUsersPage :206 - Clicking on Search button : [[ChromeDriver: chrome on windows (c677c9a2cfa1d108cc85497b07dc1e3f)] -> xpath: //button[normalize-space()='Search']]
2024-06-25 15:06:13 INFO  ViewSystemUsersPage :215 - Getting UserName from record : [[ChromeDriver: chrome on windows (c677c9a2cfa1d108cc85497b07dc1e3f)] -> xpath: (//div[@data-v-6c07a142])[1]]
2024-06-25 15:06:705 INFO  LoginPage :41 - Enter User Name: Admin
2024-06-25 15:06:996 INFO  LoginPage :51 - Enter Password: admin123
2024-06-25 15:06:70 INFO  LoginPage :46 - Clicking on Login Button: [[ChromeDriver: chrome on windows (00cd013a856244dd4efe20112b018ba4)] -> xpath: //button[@type='submit']]
2024-06-25 15:06:03 INFO  HomePage :37 - Clicking on Admin link : [[ChromeDriver: chrome on windows (00cd013a856244dd4efe20112b018ba4)] -> xpath: //li[1]//a[1]//span[1]]
2024-06-25 15:06:289 INFO  ViewSystemUsersPage :112 - Verifying System User Text: [[ChromeDriver: chrome on windows (00cd013a856244dd4efe20112b018ba4)] -> xpath: //h5[@class='oxd-text oxd-text--h5 oxd-table-filter-title']]
2024-06-25 15:06:390 INFO  ViewSystemUsersPage :171 - Enter soniya92 to User Name field : [[ChromeDriver: chrome on windows (00cd013a856244dd4efe20112b018ba4)] -> xpath: //div[@class='oxd-input-group oxd-input-field-bottom-space']//div//input[@class='oxd-input oxd-input--active']]
2024-06-25 15:06:401 INFO  ViewSystemUsersPage :175 - Clicking on UserRole drop-down : [[ChromeDriver: chrome on windows (00cd013a856244dd4efe20112b018ba4)] -> xpath: //div[@class='oxd-table-filter-area']//div[2]//div[1]//div[2]//div[1]//div[1]//div[1]]
2024-06-25 15:06:438 INFO  ViewSystemUsersPage :180 - Clicking on Admin option in UserRole drop-down : [[ChromeDriver: chrome on windows (00cd013a856244dd4efe20112b018ba4)] -> xpath: //span[contains(text(),'Admin')]]
2024-06-25 15:06:630 INFO  ViewSystemUsersPage :191 - Clicking on Status drop-down : [[ChromeDriver: chrome on windows (00cd013a856244dd4efe20112b018ba4)] -> xpath: (//i)[13]]
2024-06-25 15:06:764 INFO  ViewSystemUsersPage :196 - Clicking on Disable option in Status drop-down : [[ChromeDriver: chrome on windows (00cd013a856244dd4efe20112b018ba4)] -> xpath: //span[normalize-space()='Disabled']]
2024-06-25 15:06:803 INFO  ViewSystemUsersPage :206 - Clicking on Search button : [[ChromeDriver: chrome on windows (00cd013a856244dd4efe20112b018ba4)] -> xpath: //button[normalize-space()='Search']]
2024-06-25 15:06:872 INFO  ViewSystemUsersPage :215 - Getting UserName from record : [[ChromeDriver: chrome on windows (00cd013a856244dd4efe20112b018ba4)] -> xpath: (//div[@data-v-6c07a142])[1]]
2024-06-25 15:06:826 INFO  LoginPage :41 - Enter User Name: Admin
2024-06-25 15:06:106 INFO  LoginPage :51 - Enter Password: admin123
2024-06-25 15:06:184 INFO  LoginPage :46 - Clicking on Login Button: [[ChromeDriver: chrome on windows (46c1ae7d70231a8490dcc12d6006995f)] -> xpath: //button[@type='submit']]
2024-06-25 15:06:352 INFO  HomePage :37 - Clicking on Admin link : [[ChromeDriver: chrome on windows (46c1ae7d70231a8490dcc12d6006995f)] -> xpath: //li[1]//a[1]//span[1]]
2024-06-25 15:06:542 INFO  ViewSystemUsersPage :112 - Verifying System User Text: [[ChromeDriver: chrome on windows (46c1ae7d70231a8490dcc12d6006995f)] -> xpath: //h5[@class='oxd-text oxd-text--h5 oxd-table-filter-title']]
2024-06-25 15:06:633 INFO  ViewSystemUsersPage :171 - Enter Admin to User Name field : [[ChromeDriver: chrome on windows (46c1ae7d70231a8490dcc12d6006995f)] -> xpath: //div[@class='oxd-input-group oxd-input-field-bottom-space']//div//input[@class='oxd-input oxd-input--active']]
2024-06-25 15:06:644 INFO  ViewSystemUsersPage :175 - Clicking on UserRole drop-down : [[ChromeDriver: chrome on windows (46c1ae7d70231a8490dcc12d6006995f)] -> xpath: //div[@class='oxd-table-filter-area']//div[2]//div[1]//div[2]//div[1]//div[1]//div[1]]
2024-06-25 15:06:680 INFO  ViewSystemUsersPage :185 - Clicking on ESS option in UserRole drop-down : [[ChromeDriver: chrome on windows (46c1ae7d70231a8490dcc12d6006995f)] -> xpath: //span[contains(text(),'ESS')]]
2024-06-25 15:06:848 INFO  ViewSystemUsersPage :191 - Clicking on Status drop-down : [[ChromeDriver: chrome on windows (46c1ae7d70231a8490dcc12d6006995f)] -> xpath: (//i)[13]]
2024-06-25 15:06:985 INFO  ViewSystemUsersPage :196 - Clicking on Disable option in Status drop-down : [[ChromeDriver: chrome on windows (46c1ae7d70231a8490dcc12d6006995f)] -> xpath: //span[normalize-space()='Disabled']]
2024-06-25 15:06:19 INFO  ViewSystemUsersPage :206 - Clicking on Search button : [[ChromeDriver: chrome on windows (46c1ae7d70231a8490dcc12d6006995f)] -> xpath: //button[normalize-space()='Search']]
2024-06-25 15:06:61 INFO  ViewSystemUsersPage :211 - Clicking on Reset button : [[ChromeDriver: chrome on windows (46c1ae7d70231a8490dcc12d6006995f)] -> xpath: //button[normalize-space()='Reset']]
2024-06-25 15:06:924 INFO  LoginPage :41 - Enter User Name: Admin
2024-06-25 15:06:202 INFO  LoginPage :51 - Enter Password: admin123
2024-06-25 15:06:273 INFO  LoginPage :46 - Clicking on Login Button: [[ChromeDriver: chrome on windows (1b93c81e9cef3a5575789cb493d6e30a)] -> xpath: //button[@type='submit']]
2024-06-25 15:06:218 INFO  HomePage :37 - Clicking on Admin link : [[ChromeDriver: chrome on windows (1b93c81e9cef3a5575789cb493d6e30a)] -> xpath: //li[1]//a[1]//span[1]]
2024-06-25 15:06:408 INFO  ViewSystemUsersPage :112 - Verifying System User Text: [[ChromeDriver: chrome on windows (1b93c81e9cef3a5575789cb493d6e30a)] -> xpath: //h5[@class='oxd-text oxd-text--h5 oxd-table-filter-title']]
2024-06-25 15:06:508 INFO  ViewSystemUsersPage :171 - Enter Nina.Patel to User Name field : [[ChromeDriver: chrome on windows (1b93c81e9cef3a5575789cb493d6e30a)] -> xpath: //div[@class='oxd-input-group oxd-input-field-bottom-space']//div//input[@class='oxd-input oxd-input--active']]
2024-06-25 15:06:519 INFO  ViewSystemUsersPage :175 - Clicking on UserRole drop-down : [[ChromeDriver: chrome on windows (1b93c81e9cef3a5575789cb493d6e30a)] -> xpath: //div[@class='oxd-table-filter-area']//div[2]//div[1]//div[2]//div[1]//div[1]//div[1]]
2024-06-25 15:06:553 INFO  ViewSystemUsersPage :185 - Clicking on ESS option in UserRole drop-down : [[ChromeDriver: chrome on windows (1b93c81e9cef3a5575789cb493d6e30a)] -> xpath: //span[contains(text(),'ESS')]]
2024-06-25 15:06:721 INFO  ViewSystemUsersPage :191 - Clicking on Status drop-down : [[ChromeDriver: chrome on windows (1b93c81e9cef3a5575789cb493d6e30a)] -> xpath: (//i)[13]]
2024-06-25 15:06:874 INFO  ViewSystemUsersPage :196 - Clicking on Disable option in Status drop-down : [[ChromeDriver: chrome on windows (1b93c81e9cef3a5575789cb493d6e30a)] -> xpath: //span[normalize-space()='Disabled']]
2024-06-25 15:06:913 INFO  ViewSystemUsersPage :206 - Clicking on Search button : [[ChromeDriver: chrome on windows (1b93c81e9cef3a5575789cb493d6e30a)] -> xpath: //button[normalize-space()='Search']]
2024-06-25 15:06:952 INFO  ViewSystemUsersPage :211 - Clicking on Reset button : [[ChromeDriver: chrome on windows (1b93c81e9cef3a5575789cb493d6e30a)] -> xpath: //button[normalize-space()='Reset']]
2024-06-25 15:06:686 INFO  LoginPage :41 - Enter User Name: Admin
2024-06-25 15:06:998 INFO  LoginPage :51 - Enter Password: admin123
2024-06-25 15:06:80 INFO  LoginPage :46 - Clicking on Login Button: [[ChromeDriver: chrome on windows (dafe4655d3cef7d4124e0544a501d135)] -> xpath: //button[@type='submit']]
2024-06-25 15:06:953 INFO  HomePage :37 - Clicking on Admin link : [[ChromeDriver: chrome on windows (dafe4655d3cef7d4124e0544a501d135)] -> xpath: //li[1]//a[1]//span[1]]
2024-06-25 15:06:144 INFO  ViewSystemUsersPage :112 - Verifying System User Text: [[ChromeDriver: chrome on windows (dafe4655d3cef7d4124e0544a501d135)] -> xpath: //h5[@class='oxd-text oxd-text--h5 oxd-table-filter-title']]
2024-06-25 15:06:245 INFO  ViewSystemUsersPage :171 - Enter Cassidy.Hope to User Name field : [[ChromeDriver: chrome on windows (dafe4655d3cef7d4124e0544a501d135)] -> xpath: //div[@class='oxd-input-group oxd-input-field-bottom-space']//div//input[@class='oxd-input oxd-input--active']]
2024-06-25 15:06:255 INFO  ViewSystemUsersPage :175 - Clicking on UserRole drop-down : [[ChromeDriver: chrome on windows (dafe4655d3cef7d4124e0544a501d135)] -> xpath: //div[@class='oxd-table-filter-area']//div[2]//div[1]//div[2]//div[1]//div[1]//div[1]]
2024-06-25 15:06:288 INFO  ViewSystemUsersPage :185 - Clicking on ESS option in UserRole drop-down : [[ChromeDriver: chrome on windows (dafe4655d3cef7d4124e0544a501d135)] -> xpath: //span[contains(text(),'ESS')]]
2024-06-25 15:06:453 INFO  ViewSystemUsersPage :191 - Clicking on Status drop-down : [[ChromeDriver: chrome on windows (dafe4655d3cef7d4124e0544a501d135)] -> xpath: (//i)[13]]
2024-06-25 15:06:607 INFO  ViewSystemUsersPage :196 - Clicking on Disable option in Status drop-down : [[ChromeDriver: chrome on windows (dafe4655d3cef7d4124e0544a501d135)] -> xpath: //span[normalize-space()='Disabled']]
2024-06-25 15:06:647 INFO  ViewSystemUsersPage :206 - Clicking on Search button : [[ChromeDriver: chrome on windows (dafe4655d3cef7d4124e0544a501d135)] -> xpath: //button[normalize-space()='Search']]
2024-06-25 15:06:689 INFO  ViewSystemUsersPage :211 - Clicking on Reset button : [[ChromeDriver: chrome on windows (dafe4655d3cef7d4124e0544a501d135)] -> xpath: //button[normalize-space()='Reset']]
2024-06-25 15:06:506 INFO  LoginPage :41 - Enter User Name: Admin
2024-06-25 15:06:796 INFO  LoginPage :51 - Enter Password: admin123
2024-06-25 15:06:907 INFO  LoginPage :46 - Clicking on Login Button: [[ChromeDriver: chrome on windows (0cbdf6a970e349ca519e591f1e2f1fee)] -> xpath: //button[@type='submit']]
2024-06-25 15:06:966 INFO  HomePage :37 - Clicking on Admin link : [[ChromeDriver: chrome on windows (0cbdf6a970e349ca519e591f1e2f1fee)] -> xpath: //li[1]//a[1]//span[1]]
2024-06-25 15:06:219 INFO  ViewSystemUsersPage :112 - Verifying System User Text: [[ChromeDriver: chrome on windows (0cbdf6a970e349ca519e591f1e2f1fee)] -> xpath: //h5[@class='oxd-text oxd-text--h5 oxd-table-filter-title']]
2024-06-25 15:06:314 INFO  ViewSystemUsersPage :171 - Enter Odis.Adalwin to User Name field : [[ChromeDriver: chrome on windows (0cbdf6a970e349ca519e591f1e2f1fee)] -> xpath: //div[@class='oxd-input-group oxd-input-field-bottom-space']//div//input[@class='oxd-input oxd-input--active']]
2024-06-25 15:06:324 INFO  ViewSystemUsersPage :175 - Clicking on UserRole drop-down : [[ChromeDriver: chrome on windows (0cbdf6a970e349ca519e591f1e2f1fee)] -> xpath: //div[@class='oxd-table-filter-area']//div[2]//div[1]//div[2]//div[1]//div[1]//div[1]]
2024-06-25 15:06:362 INFO  ViewSystemUsersPage :185 - Clicking on ESS option in UserRole drop-down : [[ChromeDriver: chrome on windows (0cbdf6a970e349ca519e591f1e2f1fee)] -> xpath: //span[contains(text(),'ESS')]]
2024-06-25 15:06:534 INFO  ViewSystemUsersPage :191 - Clicking on Status drop-down : [[ChromeDriver: chrome on windows (0cbdf6a970e349ca519e591f1e2f1fee)] -> xpath: (//i)[13]]
2024-06-25 15:06:673 INFO  ViewSystemUsersPage :196 - Clicking on Disable option in Status drop-down : [[ChromeDriver: chrome on windows (0cbdf6a970e349ca519e591f1e2f1fee)] -> xpath: //span[normalize-space()='Disabled']]
2024-06-25 15:06:715 INFO  ViewSystemUsersPage :206 - Clicking on Search button : [[ChromeDriver: chrome on windows (0cbdf6a970e349ca519e591f1e2f1fee)] -> xpath: //button[normalize-space()='Search']]
2024-06-25 15:06:753 INFO  ViewSystemUsersPage :211 - Clicking on Reset button : [[ChromeDriver: chrome on windows (0cbdf6a970e349ca519e591f1e2f1fee)] -> xpath: //button[normalize-space()='Reset']]
